riscv_cpu_do_interrupt: hart:0, async:0, cause:0000000000000002, epc:0x00000000800086a8, tval:0x000000003c002873, desc=illegal_instruction
riscv_cpu_do_interrupt: hart:0, async:0, cause:0000000000000002, epc:0x0000000080009b60, tval:0x00000000b1302873, desc=illegal_instruction
riscv_cpu_do_interrupt: hart:0, async:0, cause:0000000000000002, epc:0x0000000080009544, tval:0x00000000da002573, desc=illegal_instruction
riscv_cpu_do_interrupt: hart:0, async:0, cause:0000000000000002, epc:0x0000000080009588, tval:0x00000000fb002573, desc=illegal_instruction
riscv_cpu_do_interrupt: hart:0, async:0, cause:0000000000000002, epc:0x00000000800095dc, tval:0x0000000030c02673, desc=illegal_instruction
riscv_cpu_do_interrupt: hart:0, async:0, cause:0000000000000003, epc:0x000000008000c384, tval:0x0000000000000000, desc=breakpoint
riscv_cpu_do_interrupt: hart:0, async:0, cause:0000000000000009, epc:0x00000000802035c4, tval:0x0000000000000000, desc=supervisor_ecall
riscv_cpu_do_interrupt: hart:0, async:1, cause:0000000000000009, epc:0x0000000080205cba, tval:0x0000000000000000, desc=s_external
riscv_cpu_do_interrupt: hart:0, async:1, cause:0000000000000009, epc:0x0000000080204f56, tval:0x0000000000000000, desc=s_external
riscv_cpu_do_interrupt: hart:0, async:1, cause:0000000000000009, epc:0x0000000080204f56, tval:0x0000000000000000, desc=s_external
riscv_cpu_do_interrupt: hart:0, async:1, cause:0000000000000009, epc:0x0000000080204f34, tval:0x0000000000000000, desc=s_external
riscv_cpu_do_interrupt: hart:0, async:1, cause:0000000000000009, epc:0x0000000080204f2a, tval:0x0000000000000000, desc=s_external
riscv_cpu_do_interrupt: hart:0, async:1, cause:0000000000000009, epc:0x0000000080204f5e, tval:0x0000000000000000, desc=s_external
riscv_cpu_do_interrupt: hart:0, async:1, cause:0000000000000009, epc:0x0000000080204f34, tval:0x0000000000000000, desc=s_external
riscv_cpu_do_interrupt: hart:0, async:1, cause:0000000000000005, epc:0x0000000080200a10, tval:0x0000000000000000, desc=s_timer
riscv_cpu_do_interrupt: hart:0, async:0, cause:0000000000000009, epc:0x00000000802035c4, tval:0x0000000000000000, desc=supervisor_ecall
riscv_cpu_do_interrupt: hart:0, async:1, cause:0000000000000005, epc:0x0000000080200a10, tval:0x0000000000000000, desc=s_timer
riscv_cpu_do_interrupt: hart:0, async:0, cause:0000000000000009, epc:0x00000000802035c4, tval:0x0000000000000000, desc=supervisor_ecall
riscv_cpu_do_interrupt: hart:0, async:1, cause:0000000000000005, epc:0x0000000080200a10, tval:0x0000000000000000, desc=s_timer
riscv_cpu_do_interrupt: hart:0, async:0, cause:0000000000000009, epc:0x00000000802035c4, tval:0x0000000000000000, desc=supervisor_ecall
riscv_cpu_do_interrupt: hart:0, async:1, cause:0000000000000005, epc:0x0000000080200a10, tval:0x0000000000000000, desc=s_timer
riscv_cpu_do_interrupt: hart:0, async:0, cause:0000000000000009, epc:0x00000000802035c4, tval:0x0000000000000000, desc=supervisor_ecall
riscv_cpu_do_interrupt: hart:0, async:1, cause:0000000000000005, epc:0x0000000080200a10, tval:0x0000000000000000, desc=s_timer
riscv_cpu_do_interrupt: hart:0, async:0, cause:0000000000000009, epc:0x00000000802035c4, tval:0x0000000000000000, desc=supervisor_ecall
riscv_cpu_do_interrupt: hart:0, async:1, cause:0000000000000005, epc:0x0000000080200a10, tval:0x0000000000000000, desc=s_timer
riscv_cpu_do_interrupt: hart:0, async:0, cause:0000000000000009, epc:0x00000000802035c4, tval:0x0000000000000000, desc=supervisor_ecall
riscv_cpu_do_interrupt: hart:0, async:1, cause:0000000000000005, epc:0x0000000080200a10, tval:0x0000000000000000, desc=s_timer
riscv_cpu_do_interrupt: hart:0, async:0, cause:0000000000000009, epc:0x00000000802035c4, tval:0x0000000000000000, desc=supervisor_ecall
riscv_cpu_do_interrupt: hart:0, async:1, cause:0000000000000005, epc:0x0000000080200a10, tval:0x0000000000000000, desc=s_timer
riscv_cpu_do_interrupt: hart:0, async:0, cause:0000000000000009, epc:0x00000000802035c4, tval:0x0000000000000000, desc=supervisor_ecall
riscv_cpu_do_interrupt: hart:0, async:1, cause:0000000000000005, epc:0x0000000080200a10, tval:0x0000000000000000, desc=s_timer
riscv_cpu_do_interrupt: hart:0, async:0, cause:0000000000000009, epc:0x00000000802035c4, tval:0x0000000000000000, desc=supervisor_ecall
riscv_cpu_do_interrupt: hart:0, async:1, cause:0000000000000005, epc:0x0000000080200a10, tval:0x0000000000000000, desc=s_timer
riscv_cpu_do_interrupt: hart:0, async:0, cause:0000000000000009, epc:0x00000000802035c4, tval:0x0000000000000000, desc=supervisor_ecall
riscv_cpu_do_interrupt: hart:0, async:1, cause:0000000000000005, epc:0x0000000080200a10, tval:0x0000000000000000, desc=s_timer
riscv_cpu_do_interrupt: hart:0, async:0, cause:0000000000000009, epc:0x00000000802035c4, tval:0x0000000000000000, desc=supervisor_ecall
riscv_cpu_do_interrupt: hart:0, async:1, cause:0000000000000005, epc:0x0000000080200a10, tval:0x0000000000000000, desc=s_timer
riscv_cpu_do_interrupt: hart:0, async:0, cause:0000000000000009, epc:0x00000000802035c4, tval:0x0000000000000000, desc=supervisor_ecall
riscv_cpu_do_interrupt: hart:0, async:1, cause:0000000000000005, epc:0x0000000080200a10, tval:0x0000000000000000, desc=s_timer
riscv_cpu_do_interrupt: hart:0, async:0, cause:0000000000000009, epc:0x00000000802035c4, tval:0x0000000000000000, desc=supervisor_ecall
riscv_cpu_do_interrupt: hart:0, async:1, cause:0000000000000005, epc:0x0000000080200a10, tval:0x0000000000000000, desc=s_timer
riscv_cpu_do_interrupt: hart:0, async:0, cause:0000000000000009, epc:0x00000000802035c4, tval:0x0000000000000000, desc=supervisor_ecall
riscv_cpu_do_interrupt: hart:0, async:1, cause:0000000000000005, epc:0x0000000080200a10, tval:0x0000000000000000, desc=s_timer
riscv_cpu_do_interrupt: hart:0, async:0, cause:0000000000000009, epc:0x00000000802035c4, tval:0x0000000000000000, desc=supervisor_ecall
riscv_cpu_do_interrupt: hart:0, async:1, cause:0000000000000005, epc:0x0000000080200a10, tval:0x0000000000000000, desc=s_timer
riscv_cpu_do_interrupt: hart:0, async:0, cause:0000000000000009, epc:0x00000000802035c4, tval:0x0000000000000000, desc=supervisor_ecall
riscv_cpu_do_interrupt: hart:0, async:1, cause:0000000000000005, epc:0x0000000080200a10, tval:0x0000000000000000, desc=s_timer
riscv_cpu_do_interrupt: hart:0, async:0, cause:0000000000000009, epc:0x00000000802035c4, tval:0x0000000000000000, desc=supervisor_ecall
riscv_cpu_do_interrupt: hart:0, async:1, cause:0000000000000005, epc:0x0000000080200a10, tval:0x0000000000000000, desc=s_timer
riscv_cpu_do_interrupt: hart:0, async:0, cause:0000000000000009, epc:0x00000000802035c4, tval:0x0000000000000000, desc=supervisor_ecall
riscv_cpu_do_interrupt: hart:0, async:1, cause:0000000000000005, epc:0x0000000080200a10, tval:0x0000000000000000, desc=s_timer
riscv_cpu_do_interrupt: hart:0, async:0, cause:0000000000000009, epc:0x00000000802035c4, tval:0x0000000000000000, desc=supervisor_ecall
riscv_cpu_do_interrupt: hart:0, async:1, cause:0000000000000005, epc:0x0000000080200a10, tval:0x0000000000000000, desc=s_timer
riscv_cpu_do_interrupt: hart:0, async:0, cause:0000000000000009, epc:0x00000000802035c4, tval:0x0000000000000000, desc=supervisor_ecall
riscv_cpu_do_interrupt: hart:0, async:1, cause:0000000000000005, epc:0x0000000080200a10, tval:0x0000000000000000, desc=s_timer
riscv_cpu_do_interrupt: hart:0, async:0, cause:0000000000000009, epc:0x00000000802035c4, tval:0x0000000000000000, desc=supervisor_ecall
riscv_cpu_do_interrupt: hart:0, async:1, cause:0000000000000005, epc:0x0000000080200a10, tval:0x0000000000000000, desc=s_timer
riscv_cpu_do_interrupt: hart:0, async:0, cause:0000000000000009, epc:0x00000000802035c4, tval:0x0000000000000000, desc=supervisor_ecall
riscv_cpu_do_interrupt: hart:0, async:1, cause:0000000000000005, epc:0x0000000080200a10, tval:0x0000000000000000, desc=s_timer
riscv_cpu_do_interrupt: hart:0, async:0, cause:0000000000000009, epc:0x00000000802035c4, tval:0x0000000000000000, desc=supervisor_ecall
riscv_cpu_do_interrupt: hart:0, async:1, cause:0000000000000005, epc:0x0000000080200a10, tval:0x0000000000000000, desc=s_timer
riscv_cpu_do_interrupt: hart:0, async:0, cause:0000000000000009, epc:0x00000000802035c4, tval:0x0000000000000000, desc=supervisor_ecall
riscv_cpu_do_interrupt: hart:0, async:1, cause:0000000000000005, epc:0x0000000080200a10, tval:0x0000000000000000, desc=s_timer
riscv_cpu_do_interrupt: hart:0, async:0, cause:0000000000000009, epc:0x00000000802035c4, tval:0x0000000000000000, desc=supervisor_ecall
riscv_cpu_do_interrupt: hart:0, async:1, cause:0000000000000005, epc:0x0000000080200a10, tval:0x0000000000000000, desc=s_timer
riscv_cpu_do_interrupt: hart:0, async:0, cause:0000000000000009, epc:0x00000000802035c4, tval:0x0000000000000000, desc=supervisor_ecall
riscv_cpu_do_interrupt: hart:0, async:1, cause:0000000000000005, epc:0x0000000080200a10, tval:0x0000000000000000, desc=s_timer
riscv_cpu_do_interrupt: hart:0, async:0, cause:0000000000000009, epc:0x00000000802035c4, tval:0x0000000000000000, desc=supervisor_ecall
riscv_cpu_do_interrupt: hart:0, async:1, cause:0000000000000005, epc:0x0000000080200a10, tval:0x0000000000000000, desc=s_timer
riscv_cpu_do_interrupt: hart:0, async:0, cause:0000000000000009, epc:0x00000000802035c4, tval:0x0000000000000000, desc=supervisor_ecall
riscv_cpu_do_interrupt: hart:0, async:1, cause:0000000000000005, epc:0x0000000080200a10, tval:0x0000000000000000, desc=s_timer
riscv_cpu_do_interrupt: hart:0, async:0, cause:0000000000000009, epc:0x00000000802035c4, tval:0x0000000000000000, desc=supervisor_ecall
riscv_cpu_do_interrupt: hart:0, async:1, cause:0000000000000005, epc:0x0000000080200a10, tval:0x0000000000000000, desc=s_timer
riscv_cpu_do_interrupt: hart:0, async:0, cause:0000000000000009, epc:0x00000000802035c4, tval:0x0000000000000000, desc=supervisor_ecall
riscv_cpu_do_interrupt: hart:0, async:1, cause:0000000000000005, epc:0x0000000080200a10, tval:0x0000000000000000, desc=s_timer
riscv_cpu_do_interrupt: hart:0, async:0, cause:0000000000000009, epc:0x00000000802035c4, tval:0x0000000000000000, desc=supervisor_ecall
riscv_cpu_do_interrupt: hart:0, async:1, cause:0000000000000005, epc:0x0000000080200a10, tval:0x0000000000000000, desc=s_timer
riscv_cpu_do_interrupt: hart:0, async:0, cause:0000000000000009, epc:0x00000000802035c4, tval:0x0000000000000000, desc=supervisor_ecall
riscv_cpu_do_interrupt: hart:0, async:1, cause:0000000000000005, epc:0x0000000080200a10, tval:0x0000000000000000, desc=s_timer
riscv_cpu_do_interrupt: hart:0, async:0, cause:0000000000000009, epc:0x00000000802035c4, tval:0x0000000000000000, desc=supervisor_ecall
riscv_cpu_do_interrupt: hart:0, async:1, cause:0000000000000009, epc:0x0000000080200a10, tval:0x0000000000000000, desc=s_external
riscv_cpu_do_interrupt: hart:0, async:1, cause:0000000000000005, epc:0x0000000080200a10, tval:0x0000000000000000, desc=s_timer
riscv_cpu_do_interrupt: hart:0, async:0, cause:0000000000000009, epc:0x00000000802035c4, tval:0x0000000000000000, desc=supervisor_ecall
riscv_cpu_do_interrupt: hart:0, async:1, cause:0000000000000005, epc:0x0000000080200a10, tval:0x0000000000000000, desc=s_timer
riscv_cpu_do_interrupt: hart:0, async:0, cause:0000000000000009, epc:0x00000000802035c4, tval:0x0000000000000000, desc=supervisor_ecall
riscv_cpu_do_interrupt: hart:0, async:1, cause:0000000000000009, epc:0x0000000080200a10, tval:0x0000000000000000, desc=s_external
riscv_cpu_do_interrupt: hart:0, async:1, cause:0000000000000009, epc:0x0000000080200a10, tval:0x0000000000000000, desc=s_external
riscv_cpu_do_interrupt: hart:0, async:1, cause:0000000000000005, epc:0x0000000080200a10, tval:0x0000000000000000, desc=s_timer
riscv_cpu_do_interrupt: hart:0, async:0, cause:0000000000000009, epc:0x00000000802035c4, tval:0x0000000000000000, desc=supervisor_ecall
riscv_cpu_do_interrupt: hart:0, async:1, cause:0000000000000005, epc:0x0000000080200a10, tval:0x0000000000000000, desc=s_timer
riscv_cpu_do_interrupt: hart:0, async:0, cause:0000000000000009, epc:0x00000000802035c4, tval:0x0000000000000000, desc=supervisor_ecall
riscv_cpu_do_interrupt: hart:0, async:1, cause:0000000000000005, epc:0x0000000080200a10, tval:0x0000000000000000, desc=s_timer
riscv_cpu_do_interrupt: hart:0, async:0, cause:0000000000000009, epc:0x00000000802035c4, tval:0x0000000000000000, desc=supervisor_ecall
riscv_cpu_do_interrupt: hart:0, async:1, cause:0000000000000009, epc:0x0000000080200a10, tval:0x0000000000000000, desc=s_external
riscv_cpu_do_interrupt: hart:0, async:1, cause:0000000000000005, epc:0x0000000080200a10, tval:0x0000000000000000, desc=s_timer
riscv_cpu_do_interrupt: hart:0, async:0, cause:0000000000000009, epc:0x00000000802035c4, tval:0x0000000000000000, desc=supervisor_ecall
riscv_cpu_do_interrupt: hart:0, async:1, cause:0000000000000005, epc:0x0000000080200a10, tval:0x0000000000000000, desc=s_timer
riscv_cpu_do_interrupt: hart:0, async:0, cause:0000000000000009, epc:0x00000000802035c4, tval:0x0000000000000000, desc=supervisor_ecall
riscv_cpu_do_interrupt: hart:0, async:1, cause:0000000000000005, epc:0x0000000080200a10, tval:0x0000000000000000, desc=s_timer
riscv_cpu_do_interrupt: hart:0, async:0, cause:0000000000000009, epc:0x00000000802035c4, tval:0x0000000000000000, desc=supervisor_ecall
riscv_cpu_do_interrupt: hart:0, async:1, cause:0000000000000005, epc:0x0000000080200a10, tval:0x0000000000000000, desc=s_timer
riscv_cpu_do_interrupt: hart:0, async:0, cause:0000000000000009, epc:0x00000000802035c4, tval:0x0000000000000000, desc=supervisor_ecall
riscv_cpu_do_interrupt: hart:0, async:1, cause:0000000000000005, epc:0x0000000080200a10, tval:0x0000000000000000, desc=s_timer
riscv_cpu_do_interrupt: hart:0, async:0, cause:0000000000000009, epc:0x00000000802035c4, tval:0x0000000000000000, desc=supervisor_ecall
riscv_cpu_do_interrupt: hart:0, async:1, cause:0000000000000009, epc:0x0000000080200a10, tval:0x0000000000000000, desc=s_external
riscv_cpu_do_interrupt: hart:0, async:1, cause:0000000000000005, epc:0x0000000080200a10, tval:0x0000000000000000, desc=s_timer
riscv_cpu_do_interrupt: hart:0, async:0, cause:0000000000000009, epc:0x00000000802035c4, tval:0x0000000000000000, desc=supervisor_ecall
riscv_cpu_do_interrupt: hart:0, async:1, cause:0000000000000009, epc:0x0000000080200a10, tval:0x0000000000000000, desc=s_external
riscv_cpu_do_interrupt: hart:0, async:1, cause:0000000000000005, epc:0x0000000080200a10, tval:0x0000000000000000, desc=s_timer
riscv_cpu_do_interrupt: hart:0, async:0, cause:0000000000000009, epc:0x00000000802035c4, tval:0x0000000000000000, desc=supervisor_ecall
riscv_cpu_do_interrupt: hart:0, async:1, cause:0000000000000009, epc:0x0000000080200a10, tval:0x0000000000000000, desc=s_external
riscv_cpu_do_interrupt: hart:0, async:1, cause:0000000000000005, epc:0x0000000080200a10, tval:0x0000000000000000, desc=s_timer
riscv_cpu_do_interrupt: hart:0, async:0, cause:0000000000000009, epc:0x00000000802035c4, tval:0x0000000000000000, desc=supervisor_ecall
riscv_cpu_do_interrupt: hart:0, async:1, cause:0000000000000005, epc:0x0000000080200a10, tval:0x0000000000000000, desc=s_timer
riscv_cpu_do_interrupt: hart:0, async:0, cause:0000000000000009, epc:0x00000000802035c4, tval:0x0000000000000000, desc=supervisor_ecall
riscv_cpu_do_interrupt: hart:0, async:1, cause:0000000000000005, epc:0x0000000080200a10, tval:0x0000000000000000, desc=s_timer
riscv_cpu_do_interrupt: hart:0, async:0, cause:0000000000000009, epc:0x00000000802035c4, tval:0x0000000000000000, desc=supervisor_ecall
riscv_cpu_do_interrupt: hart:0, async:1, cause:0000000000000005, epc:0x0000000080200a10, tval:0x0000000000000000, desc=s_timer
riscv_cpu_do_interrupt: hart:0, async:0, cause:0000000000000009, epc:0x00000000802035c4, tval:0x0000000000000000, desc=supervisor_ecall
riscv_cpu_do_interrupt: hart:0, async:1, cause:0000000000000005, epc:0x0000000080200a10, tval:0x0000000000000000, desc=s_timer
riscv_cpu_do_interrupt: hart:0, async:0, cause:0000000000000009, epc:0x00000000802035c4, tval:0x0000000000000000, desc=supervisor_ecall
riscv_cpu_do_interrupt: hart:0, async:1, cause:0000000000000009, epc:0x0000000080200a10, tval:0x0000000000000000, desc=s_external
riscv_cpu_do_interrupt: hart:0, async:1, cause:0000000000000005, epc:0x0000000080200a10, tval:0x0000000000000000, desc=s_timer
riscv_cpu_do_interrupt: hart:0, async:0, cause:0000000000000009, epc:0x00000000802035c4, tval:0x0000000000000000, desc=supervisor_ecall
riscv_cpu_do_interrupt: hart:0, async:1, cause:0000000000000005, epc:0x0000000080200a10, tval:0x0000000000000000, desc=s_timer
riscv_cpu_do_interrupt: hart:0, async:0, cause:0000000000000009, epc:0x00000000802035c4, tval:0x0000000000000000, desc=supervisor_ecall
riscv_cpu_do_interrupt: hart:0, async:1, cause:0000000000000009, epc:0x0000000080200a10, tval:0x0000000000000000, desc=s_external
riscv_cpu_do_interrupt: hart:0, async:1, cause:0000000000000005, epc:0x0000000080200a10, tval:0x0000000000000000, desc=s_timer
riscv_cpu_do_interrupt: hart:0, async:0, cause:0000000000000009, epc:0x00000000802035c4, tval:0x0000000000000000, desc=supervisor_ecall
riscv_cpu_do_interrupt: hart:0, async:1, cause:0000000000000005, epc:0x0000000080200a10, tval:0x0000000000000000, desc=s_timer
riscv_cpu_do_interrupt: hart:0, async:0, cause:0000000000000009, epc:0x00000000802035c4, tval:0x0000000000000000, desc=supervisor_ecall
riscv_cpu_do_interrupt: hart:0, async:1, cause:0000000000000009, epc:0x0000000080200a10, tval:0x0000000000000000, desc=s_external
riscv_cpu_do_interrupt: hart:0, async:1, cause:0000000000000005, epc:0x0000000080200a10, tval:0x0000000000000000, desc=s_timer
riscv_cpu_do_interrupt: hart:0, async:0, cause:0000000000000009, epc:0x00000000802035c4, tval:0x0000000000000000, desc=supervisor_ecall
riscv_cpu_do_interrupt: hart:0, async:1, cause:0000000000000005, epc:0x0000000080200a10, tval:0x0000000000000000, desc=s_timer
riscv_cpu_do_interrupt: hart:0, async:0, cause:0000000000000009, epc:0x00000000802035c4, tval:0x0000000000000000, desc=supervisor_ecall
riscv_cpu_do_interrupt: hart:0, async:1, cause:0000000000000005, epc:0x0000000080200a10, tval:0x0000000000000000, desc=s_timer
riscv_cpu_do_interrupt: hart:0, async:0, cause:0000000000000009, epc:0x00000000802035c4, tval:0x0000000000000000, desc=supervisor_ecall
riscv_cpu_do_interrupt: hart:0, async:1, cause:0000000000000009, epc:0x0000000080200a10, tval:0x0000000000000000, desc=s_external
riscv_cpu_do_interrupt: hart:0, async:0, cause:0000000000000009, epc:0x0000000080205038, tval:0x0000000000000000, desc=supervisor_ecall
